#
# A fatal error has been detected by the Java Runtime Environment:
#
#  EXCEPTION_ACCESS_VIOLATION (0xc0000005) at pc=0x0000000067675771, pid=14800, tid=0x0000000000001fd0
#
# JRE version: OpenJDK Runtime Environment (8.0_242-b01) (build 1.8.0_242-release-1644-b01)
# Java VM: OpenJDK 64-Bit Server VM (25.242-b01 mixed mode windows-amd64 compressed oops)
# Problematic frame:
# V  [jvm.dll+0x425771]
#
# Failed to write core dump. Minidumps are not enabled by default on client versions of Windows
#
# If you would like to submit a bug report, please visit:
#   
#

---------------  T H R E A D  ---------------

Current thread (0x000000001a032000):  JavaThread "C2 CompilerThread0" daemon [_thread_in_native, id=8144, stack(0x000000001a800000,0x000000001a900000)]

siginfo: ExceptionCode=0xc0000005, reading address 0x0000000008258a98

Registers:
RAX=0x0000000008258a70, RBX=0x000000001c259388, RCX=0x000000001c259388, RDX=0x0000000000000000
RSP=0x000000001a8fc380, RBP=0x0000000008258a70, RSI=0x0000000000000001, RDI=0x000000001a8feab8
R8 =0x0000000021636c48, R9 =0x0000000000000000, R10=0x000000001c2591a8, R11=0x000000001a8fc260
R12=0x0000000021636c48, R13=0x000000006787d248, R14=0x000000001a8fc4e0, R15=0x0000000000000101
RIP=0x0000000067675771, EFLAGS=0x0000000000010202

Top of Stack: (sp=0x000000001a8fc380)
0x000000001a8fc380:   0000000021636c48 000000001c259120
0x000000001a8fc390:   000000001c259120 000000001a8feab8
0x000000001a8fc3a0:   000000001fff3ba0 000000001fff8970
0x000000001a8fc3b0:   000000001fff31a0 00000000181c5dd0
0x000000001a8fc3c0:   000000006788f9e8 00000000181c5dd0
0x000000001a8fc3d0:   0000000000000080 000000001fff8970
0x000000001a8fc3e0:   000000001a8fc6a0 00000000000d2f80
0x000000001a8fc3f0:   00000000181c5dd0 000000001a8fc4e0
0x000000001a8fc400:   0000000021475f78 00000000676775f6
0x000000001a8fc410:   000000001c04d1d0 000000001c04fe80
0x000000001a8fc420:   000000001c0551b8 0000000021475f78
0x000000001a8fc430:   00000000678002f8 000000001a8fe920
0x000000001a8fc440:   0000000000000001 0000000020c57ed8
0x000000001a8fc450:   0000000000000000 00000000676955b8
0x000000001a8fc460:   000000001a8fe920 000000001a8fc560
0x000000001a8fc470:   0000000000000001 0000000000000000 

Instructions: (pc=0x0000000067675771)
0x0000000067675751:   55 20 3b 55 24 75 08 48 8b cd e8 a0 28 0a 00 8b
0x0000000067675761:   4d 20 48 8b 45 10 4c 89 24 c8 ff 45 20 48 8b dd
0x0000000067675771:   8b 4d 28 8b c1 c1 e8 05 3b 44 24 50 72 11 48 8b
0x0000000067675781:   44 24 40 8b d1 48 8d 4c 24 40 ff 50 18 eb 30 48 


Register to memory mapping:

RAX=0x0000000008258a70 is an unknown value
RBX=0x000000001c259388 is an unknown value
RCX=0x000000001c259388 is an unknown value
RDX=0x0000000000000000 is an unknown value
RSP=0x000000001a8fc380 is pointing into the stack for thread: 0x000000001a032000
RBP=0x0000000008258a70 is an unknown value
RSI=0x0000000000000001 is an unknown value
RDI=0x000000001a8feab8 is pointing into the stack for thread: 0x000000001a032000
R8 =0x0000000021636c48 is an unknown value
R9 =0x0000000000000000 is an unknown value
R10=0x000000001c2591a8 is an unknown value
R11=0x000000001a8fc260 is pointing into the stack for thread: 0x000000001a032000
R12=0x0000000021636c48 is an unknown value
R13=0x000000006787d248 is an unknown value
R14=0x000000001a8fc4e0 is pointing into the stack for thread: 0x000000001a032000
R15=0x0000000000000101 is an unknown value


Stack: [0x000000001a800000,0x000000001a900000],  sp=0x000000001a8fc380,  free space=1008k
Native frames: (J=compiled Java code, j=interpreted, Vv=VM code, C=native code)
V  [jvm.dll+0x425771]
V  [jvm.dll+0x4275f6]
V  [jvm.dll+0x4455b8]
V  [jvm.dll+0x447fa8]
V  [jvm.dll+0x42b072]
V  [jvm.dll+0x8230f]
V  [jvm.dll+0x82c7f]
V  [jvm.dll+0x220b7f]
V  [jvm.dll+0x27276a]
C  [msvcr100.dll+0x21d9f]
C  [msvcr100.dll+0x21e3b]
C  [KERNEL32.DLL+0x17c24]
C  [ntdll.dll+0x6cea1]


Current CompileTask:
C2: 118854 13480       4       org.gradle.internal.fingerprint.impl.DefaultFileCollectionSnapshotter$SnapshottingVisitor::visitCollection (63 bytes)


---------------  P R O C E S S  ---------------

Java Threads: ( => current thread )
  0x000000001f48a800 JavaThread "stdout" [_thread_in_native, id=4260, stack(0x000000002eba0000,0x000000002eca0000)]
  0x000000001f48a000 JavaThread "stderr" [_thread_in_native, id=12488, stack(0x000000002e310000,0x000000002e410000)]
  0x000000001f489000 JavaThread "pool-8-thread-1" [_thread_blocked, id=8396, stack(0x000000002e210000,0x000000002e310000)]
  0x000000001f481800 JavaThread "WorkerExecutor Queue Thread 2" [_thread_blocked, id=7780, stack(0x000000002e110000,0x000000002e210000)]
  0x000000001f488800 JavaThread "WorkerExecutor Queue" [_thread_blocked, id=6832, stack(0x000000002d400000,0x000000002d500000)]
  0x000000001f481000 JavaThread "Cache worker for execution history cache (C:\Users\USER\AndroidStudioProjects\STUST\.gradle\6.7-rc-3\executionHistory)" [_thread_blocked, id=13652, stack(0x000000002e010000,0x000000002e110000)]
  0x000000001f487000 JavaThread "Execution worker for ':' Thread 7" [_thread_blocked, id=14968, stack(0x000000002de10000,0x000000002df10000)]
  0x000000001f47f800 JavaThread "Execution worker for ':' Thread 6" [_thread_blocked, id=1160, stack(0x000000002dd10000,0x000000002de10000)]
  0x000000001f483000 JavaThread "Execution worker for ':' Thread 5" [_thread_blocked, id=13444, stack(0x000000002dc10000,0x000000002dd10000)]
  0x000000001f486000 JavaThread "Execution worker for ':' Thread 4" [_thread_blocked, id=12076, stack(0x000000002d900000,0x000000002da00000)]
  0x000000001f484000 JavaThread "Execution worker for ':' Thread 3" [_thread_blocked, id=2040, stack(0x000000002d570000,0x000000002d670000)]
  0x000000001f485800 JavaThread "Execution worker for ':' Thread 2" [_thread_blocked, id=9936, stack(0x000000002b250000,0x000000002b350000)]
  0x000000001bd35000 JavaThread "Execution worker for ':'" [_thread_blocked, id=7496, stack(0x000000002a850000,0x000000002a950000)]
  0x000000001bd34000 JavaThread "Build operations Thread 8" [_thread_blocked, id=9628, stack(0x0000000024c50000,0x0000000024d50000)]
  0x000000001bd33800 JavaThread "Build operations Thread 7" [_thread_blocked, id=5440, stack(0x0000000024b50000,0x0000000024c50000)]
  0x000000001bd35800 JavaThread "Build operations Thread 6" [_thread_blocked, id=6532, stack(0x0000000023470000,0x0000000023570000)]
  0x000000001bd2f800 JavaThread "Build operations Thread 5" [_thread_blocked, id=8364, stack(0x0000000022b70000,0x0000000022c70000)]
  0x000000001bd32800 JavaThread "Build operations Thread 4" [_thread_blocked, id=4848, stack(0x0000000022a70000,0x0000000022b70000)]
  0x000000001bd36800 JavaThread "Build operations Thread 3" [_thread_in_Java, id=11740, stack(0x0000000022560000,0x0000000022660000)]
  0x000000001bd2b000 JavaThread "Build operations Thread 2" [_thread_blocked, id=8408, stack(0x0000000022460000,0x0000000022560000)]
  0x000000001bd30800 JavaThread "Build operations" [_thread_blocked, id=6644, stack(0x0000000022360000,0x0000000022460000)]
  0x000000001bd2c800 JavaThread "Cache worker for Build Output Cleanup Cache (C:\Users\USER\AndroidStudioProjects\STUST\.gradle\buildOutputCleanup)" [_thread_blocked, id=6708, stack(0x0000000022260000,0x0000000022360000)]
  0x000000001bd2a800 JavaThread "Cache worker for cache directory md-rule (C:\Users\USER\.gradle\caches\6.7-rc-3\md-rule)" [_thread_blocked, id=11204, stack(0x00000000210a0000,0x00000000211a0000)]
  0x000000001bd29800 JavaThread "Cache worker for cache directory md-supplier (C:\Users\USER\.gradle\caches\6.7-rc-3\md-supplier)" [_thread_blocked, id=3724, stack(0x0000000020f20000,0x0000000021020000)]
  0x000000001bd29000 JavaThread "Cache worker for checksums cache (C:\Users\USER\AndroidStudioProjects\STUST\.gradle\checksums)" [_thread_blocked, id=1848, stack(0x0000000020e20000,0x0000000020f20000)]
  0x000000001bd28000 JavaThread "Cache worker for file hash cache (C:\Users\USER\AndroidStudioProjects\STUST\.gradle\6.7-rc-3\fileHashes)" [_thread_blocked, id=14272, stack(0x000000001e680000,0x000000001e780000)]
  0x000000001bd2c000 JavaThread "Thread-256" [_thread_blocked, id=4796, stack(0x000000001e580000,0x000000001e680000)]
  0x000000001bd2f000 JavaThread "Stdin handler" [_thread_blocked, id=13488, stack(0x000000001e480000,0x000000001e580000)]
  0x000000001bd2e000 JavaThread "Asynchronous log dispatcher for DefaultDaemonConnection: socket connection from /127.0.0.1:1546 to /127.0.0.1:1853" [_thread_blocked, id=7904, stack(0x000000001e380000,0x000000001e480000)]
  0x000000001bd27800 JavaThread "Cancel handler" [_thread_blocked, id=8736, stack(0x00000000011e0000,0x00000000012e0000)]
  0x000000001bd2d800 JavaThread "Handler for socket connection from /127.0.0.1:1546 to /127.0.0.1:1853" [_thread_in_native, id=15160, stack(0x00000000010e0000,0x00000000011e0000)]
  0x000000001bd32000 JavaThread "ForkJoinPool.commonPool-worker-5" daemon [_thread_blocked, id=9176, stack(0x000000002f2d0000,0x000000002f3d0000)]
  0x000000001bd31000 JavaThread "ForkJoinPool.commonPool-worker-4" daemon [_thread_blocked, id=1308, stack(0x000000002f0c0000,0x000000002f1c0000)]
  0x0000000020722000 JavaThread "jar transforms Thread 176" [_thread_blocked, id=9616, stack(0x000000002a750000,0x000000002a850000)]
  0x0000000020719800 JavaThread "jar transforms Thread 175" [_thread_blocked, id=15356, stack(0x000000002a650000,0x000000002a750000)]
  0x0000000020720800 JavaThread "jar transforms Thread 174" [_thread_blocked, id=5432, stack(0x000000002a550000,0x000000002a650000)]
  0x000000002071f800 JavaThread "jar transforms Thread 173" [_thread_blocked, id=14012, stack(0x000000002a450000,0x000000002a550000)]
  0x0000000020719000 JavaThread "jar transforms Thread 172" [_thread_blocked, id=15144, stack(0x000000002a350000,0x000000002a450000)]
  0x0000000020718000 JavaThread "jar transforms Thread 171" [_thread_blocked, id=1424, stack(0x000000002a250000,0x000000002a350000)]
  0x000000002071f000 JavaThread "jar transforms Thread 170" [_thread_blocked, id=6288, stack(0x000000002a150000,0x000000002a250000)]
  0x000000002071d800 JavaThread "jar transforms Thread 169" [_thread_blocked, id=13388, stack(0x000000002a050000,0x000000002a150000)]
  0x000000002071e000 JavaThread "jar transforms Thread 168" [_thread_blocked, id=10196, stack(0x0000000029f50000,0x000000002a050000)]
  0x000000002071c800 JavaThread "jar transforms Thread 167" [_thread_blocked, id=8748, stack(0x0000000029e50000,0x0000000029f50000)]
  0x000000002071b000 JavaThread "jar transforms Thread 166" [_thread_blocked, id=6984, stack(0x0000000029d50000,0x0000000029e50000)]
  0x000000002071a800 JavaThread "jar transforms Thread 165" [_thread_blocked, id=6972, stack(0x0000000029c50000,0x0000000029d50000)]
  0x0000000020717800 JavaThread "jar transforms Thread 164" [_thread_blocked, id=14756, stack(0x0000000029b50000,0x0000000029c50000)]
  0x0000000020715000 JavaThread "jar transforms Thread 163" [_thread_blocked, id=14360, stack(0x0000000029a50000,0x0000000029b50000)]
  0x0000000020716800 JavaThread "jar transforms Thread 162" [_thread_blocked, id=9772, stack(0x0000000029950000,0x0000000029a50000)]
  0x000000002071c000 JavaThread "jar transforms Thread 161" [_thread_blocked, id=100, stack(0x0000000029850000,0x0000000029950000)]
  0x0000000020716000 JavaThread "jar transforms Thread 160" [_thread_blocked, id=12424, stack(0x0000000029750000,0x0000000029850000)]
  0x000000001fbca000 JavaThread "jar transforms Thread 159" [_thread_blocked, id=15164, stack(0x0000000029650000,0x0000000029750000)]
  0x000000001fbc9800 JavaThread "jar transforms Thread 158" [_thread_blocked, id=12096, stack(0x0000000029550000,0x0000000029650000)]
  0x000000001fbc8800 JavaThread "jar transforms Thread 157" [_thread_blocked, id=8452, stack(0x0000000029450000,0x0000000029550000)]
  0x000000001fbc8000 JavaThread "jar transforms Thread 156" [_thread_blocked, id=10608, stack(0x0000000029350000,0x0000000029450000)]
  0x000000001fbce800 JavaThread "jar transforms Thread 155" [_thread_blocked, id=3904, stack(0x0000000029250000,0x0000000029350000)]
  0x000000001fbce000 JavaThread "jar transforms Thread 154" [_thread_blocked, id=3764, stack(0x0000000029150000,0x0000000029250000)]
  0x000000001fbcb800 JavaThread "jar transforms Thread 153" [_thread_blocked, id=9776, stack(0x0000000029050000,0x0000000029150000)]
  0x000000001fbcc800 JavaThread "jar transforms Thread 152" [_thread_blocked, id=9780, stack(0x0000000028e50000,0x0000000028f50000)]
  0x000000001fbcd000 JavaThread "jar transforms Thread 151" [_thread_blocked, id=8868, stack(0x0000000028d50000,0x0000000028e50000)]
  0x000000001fbcb000 JavaThread "jar transforms Thread 150" [_thread_blocked, id=12364, stack(0x0000000028c50000,0x0000000028d50000)]
  0x000000001fd68000 JavaThread "jar transforms Thread 149" [_thread_blocked, id=13428, stack(0x0000000028b50000,0x0000000028c50000)]
  0x000000001fd66800 JavaThread "jar transforms Thread 148" [_thread_blocked, id=14160, stack(0x0000000028a50000,0x0000000028b50000)]
  0x000000001fd69800 JavaThread "jar transforms Thread 147" [_thread_blocked, id=14836, stack(0x0000000028950000,0x0000000028a50000)]
  0x000000001fd6d000 JavaThread "jar transforms Thread 146" [_thread_blocked, id=9640, stack(0x0000000028850000,0x0000000028950000)]
  0x000000001fd6b800 JavaThread "jar transforms Thread 145" [_thread_blocked, id=5712, stack(0x0000000028750000,0x0000000028850000)]
  0x000000001fd67000 JavaThread "jar transforms Thread 144" [_thread_blocked, id=1212, stack(0x0000000028650000,0x0000000028750000)]
  0x000000001fd6b000 JavaThread "jar transforms Thread 143" [_thread_blocked, id=15132, stack(0x0000000028550000,0x0000000028650000)]
  0x000000001fd6c800 JavaThread "jar transforms Thread 142" [_thread_blocked, id=8036, stack(0x0000000028450000,0x0000000028550000)]
  0x000000001fd68800 JavaThread "jar transforms Thread 141" [_thread_blocked, id=12944, stack(0x0000000028350000,0x0000000028450000)]
  0x000000001fd6a000 JavaThread "jar transforms Thread 140" [_thread_blocked, id=1636, stack(0x0000000028250000,0x0000000028350000)]
  0x000000001bddb800 JavaThread "jar transforms Thread 139" [_thread_blocked, id=1400, stack(0x0000000028150000,0x0000000028250000)]
  0x000000001bdda000 JavaThread "jar transforms Thread 138" [_thread_blocked, id=7416, stack(0x0000000028050000,0x0000000028150000)]
  0x000000001bddb000 JavaThread "jar transforms Thread 137" [_thread_blocked, id=9992, stack(0x0000000027f50000,0x0000000028050000)]
  0x000000001bddf800 JavaThread "jar transforms Thread 136" [_thread_blocked, id=1408, stack(0x0000000027e50000,0x0000000027f50000)]
  0x000000001bddc800 JavaThread "jar transforms Thread 135" [_thread_blocked, id=1724, stack(0x0000000027d50000,0x0000000027e50000)]
  0x000000001bdd9800 JavaThread "jar transforms Thread 134" [_thread_blocked, id=13628, stack(0x0000000027c50000,0x0000000027d50000)]
  0x000000001bde0000 JavaThread "jar transforms Thread 133" [_thread_blocked, id=10492, stack(0x0000000027b50000,0x0000000027c50000)]
  0x000000001f4ce800 JavaThread "jar transforms Thread 132" [_thread_blocked, id=8732, stack(0x0000000027a50000,0x0000000027b50000)]
  0x000000001f4cd800 JavaThread "jar transforms Thread 131" [_thread_blocked, id=12256, stack(0x0000000027950000,0x0000000027a50000)]
  0x000000001f4cc000 JavaThread "jar transforms Thread 130" [_thread_blocked, id=13436, stack(0x0000000027850000,0x0000000027950000)]
  0x000000001f4cd000 JavaThread "jar transforms Thread 129" [_thread_blocked, id=12468, stack(0x0000000027750000,0x0000000027850000)]
  0x000000001f4cb800 JavaThread "jar transforms Thread 128" [_thread_blocked, id=7056, stack(0x0000000027650000,0x0000000027750000)]
  0x000000001f4c4000 JavaThread "jar transforms Thread 127" [_thread_blocked, id=10792, stack(0x0000000027550000,0x0000000027650000)]
  0x000000001f4ca800 JavaThread "jar transforms Thread 126" [_thread_blocked, id=9476, stack(0x0000000027450000,0x0000000027550000)]
  0x000000001f4ca000 JavaThread "jar transforms Thread 125" [_thread_blocked, id=15188, stack(0x0000000027350000,0x0000000027450000)]
  0x000000001f4c9000 JavaThread "jar transforms Thread 124" [_thread_blocked, id=4828, stack(0x0000000027250000,0x0000000027350000)]
  0x000000001f4c3000 JavaThread "jar transforms Thread 123" [_thread_blocked, id=12016, stack(0x0000000027150000,0x0000000027250000)]
  0x000000001f4c2800 JavaThread "jar transforms Thread 122" [_thread_blocked, id=8088, stack(0x0000000027050000,0x0000000027150000)]
  0x000000001f4c1800 JavaThread "jar transforms Thread 121" [_thread_blocked, id=8292, stack(0x0000000026f50000,0x0000000027050000)]
  0x0000000021b0b000 JavaThread "jar transforms Thread 120" [_thread_blocked, id=1428, stack(0x0000000026e50000,0x0000000026f50000)]
  0x0000000021b0a000 JavaThread "jar transforms Thread 119" [_thread_blocked, id=1588, stack(0x0000000026d50000,0x0000000026e50000)]
  0x0000000021b08800 JavaThread "jar transforms Thread 118" [_thread_blocked, id=11848, stack(0x0000000026c50000,0x0000000026d50000)]
  0x0000000021b08000 JavaThread "jar transforms Thread 117" [_thread_blocked, id=9300, stack(0x0000000026b50000,0x0000000026c50000)]
  0x0000000021b06800 JavaThread "jar transforms Thread 116" [_thread_blocked, id=7440, stack(0x0000000026a50000,0x0000000026b50000)]
  0x0000000021b05800 JavaThread "jar transforms Thread 115" [_thread_blocked, id=15180, stack(0x0000000026950000,0x0000000026a50000)]
  0x0000000021b07000 JavaThread "jar transforms Thread 114" [_thread_blocked, id=15192, stack(0x0000000026850000,0x0000000026950000)]
  0x0000000021b09800 JavaThread "jar transforms Thread 113" [_thread_blocked, id=4232, stack(0x0000000026750000,0x0000000026850000)]
  0x0000000021afe000 JavaThread "jar transforms Thread 112" [_thread_blocked, id=12948, stack(0x0000000026650000,0x0000000026750000)]
  0x0000000021afd800 JavaThread "jar transforms Thread 111" [_thread_blocked, id=6024, stack(0x0000000026550000,0x0000000026650000)]
  0x0000000021b04000 JavaThread "jar transforms Thread 110" [_thread_blocked, id=12280, stack(0x0000000026450000,0x0000000026550000)]
  0x0000000021afc800 JavaThread "jar transforms Thread 109" [_thread_blocked, id=12404, stack(0x0000000026350000,0x0000000026450000)]
  0x0000000021b03800 JavaThread "jar transforms Thread 108" [_thread_blocked, id=14760, stack(0x0000000026250000,0x0000000026350000)]
  0x0000000021b02800 JavaThread "jar transforms Thread 107" [_thread_blocked, id=6592, stack(0x0000000026150000,0x0000000026250000)]
  0x0000000021afb800 JavaThread "jar transforms Thread 106" [_thread_blocked, id=1544, stack(0x0000000026050000,0x0000000026150000)]
  0x0000000021b02000 JavaThread "jar transforms Thread 105" [_thread_blocked, id=8660, stack(0x0000000025f50000,0x0000000026050000)]
  0x0000000021b01000 JavaThread "jar transforms Thread 104" [_thread_blocked, id=6188, stack(0x0000000025e50000,0x0000000025f50000)]
  0x000000001fd9d800 JavaThread "jar transforms Thread 103" [_thread_blocked, id=2236, stack(0x0000000025d50000,0x0000000025e50000)]
  0x000000001fd9b000 JavaThread "jar transforms Thread 102" [_thread_blocked, id=7176, stack(0x0000000025c50000,0x0000000025d50000)]
  0x000000001fd9a800 JavaThread "jar transforms Thread 101" [_thread_blocked, id=15080, stack(0x0000000025b50000,0x0000000025c50000)]
  0x000000001fd9c800 JavaThread "jar transforms Thread 100" [_thread_blocked, id=13692, stack(0x0000000025a50000,0x0000000025b50000)]
  0x000000001fd99800 JavaThread "jar transforms Thread 99" [_thread_blocked, id=15020, stack(0x0000000025950000,0x0000000025a50000)]
  0x000000001fd9c000 JavaThread "jar transforms Thread 98" [_thread_blocked, id=12372, stack(0x0000000025850000,0x0000000025950000)]
  0x000000001fd92000 JavaThread "jar transforms Thread 97" [_thread_blocked, id=6224, stack(0x0000000025750000,0x0000000025850000)]
  0x000000001fd99000 JavaThread "jar transforms Thread 96" [_thread_blocked, id=10704, stack(0x0000000025650000,0x0000000025750000)]
  0x000000001fd91000 JavaThread "jar transforms Thread 95" [_thread_blocked, id=8728, stack(0x0000000025550000,0x0000000025650000)]
  0x000000001fd90800 JavaThread "jar transforms Thread 94" [_thread_blocked, id=14232, stack(0x0000000025450000,0x0000000025550000)]
  0x000000001fd96800 JavaThread "jar transforms Thread 93" [_thread_blocked, id=1776, stack(0x0000000025150000,0x0000000025250000)]
  0x000000001fd8f000 JavaThread "jar transforms Thread 92" [_thread_blocked, id=8740, stack(0x0000000025050000,0x0000000025150000)]
  0x000000001fd96000 JavaThread "jar transforms Thread 91" [_thread_blocked, id=14752, stack(0x0000000024f50000,0x0000000025050000)]
  0x000000001fd8e000 JavaThread "jar transforms Thread 90" [_thread_blocked, id=8952, stack(0x0000000024e50000,0x0000000024f50000)]
  0x000000001fd95000 JavaThread "jar transforms Thread 89" [_thread_blocked, id=12044, stack(0x0000000024d50000,0x0000000024e50000)]
  0x000000001f484800 JavaThread "Daemon worker Thread 2" [_thread_blocked, id=11360, stack(0x000000001df80000,0x000000001e080000)]
  0x000000001f482800 JavaThread "Daemon Thread 2" [_thread_blocked, id=10224, stack(0x0000000000ed0000,0x0000000000fd0000)]
  0x0000000021aff000 JavaThread "MarlinRenderer Disposer" daemon [_thread_blocked, id=1448, stack(0x000000002e430000,0x000000002e530000)]
  0x0000000021b05000 JavaThread "Java2D Disposer" daemon [_thread_blocked, id=3720, stack(0x000000002df10000,0x000000002e010000)]
  0x000000001fd93800 JavaThread "Memory manager" [_thread_blocked, id=13256, stack(0x000000002af50000,0x000000002b050000)]
  0x000000001f4bf800 JavaThread "Cache worker for file content cache (C:\Users\USER\.gradle\caches\6.7-rc-3\fileContent)" [_thread_blocked, id=13560, stack(0x0000000023370000,0x0000000023470000)]
  0x000000001f4c6000 JavaThread "Cache worker for execution history cache (C:\Users\USER\.gradle\caches\6.7-rc-3\executionHistory)" [_thread_blocked, id=14412, stack(0x0000000022e70000,0x0000000022f70000)]
  0x000000001bdde000 JavaThread "Cache worker for journal cache (C:\Users\USER\.gradle\caches\journal-1)" [_thread_blocked, id=14728, stack(0x000000001ed80000,0x000000001ee80000)]
  0x000000001bddd000 JavaThread "File lock request listener" [_thread_in_native, id=3196, stack(0x000000001ea80000,0x000000001eb80000)]
  0x000000001ae75800 JavaThread "Cache worker for file hash cache (C:\Users\USER\.gradle\caches\6.7-rc-3\fileHashes)" [_thread_blocked, id=13908, stack(0x000000001e980000,0x000000001ea80000)]
  0x000000001cd62000 JavaThread "Daemon periodic checks" [_thread_blocked, id=12628, stack(0x000000001dc80000,0x000000001dd80000)]
  0x000000001cd60000 JavaThread "Incoming local TCP Connector on port 1546" [_thread_in_native, id=7880, stack(0x000000001dad0000,0x000000001dbd0000)]
  0x000000001ca74800 JavaThread "Daemon health stats" [_thread_blocked, id=13576, stack(0x000000001c5d0000,0x000000001c6d0000)]
  0x000000001a097000 JavaThread "Service Thread" daemon [_thread_blocked, id=1472, stack(0x000000001ac00000,0x000000001ad00000)]
  0x000000001a057000 JavaThread "C1 CompilerThread3" daemon [_thread_blocked, id=5408, stack(0x000000001ab00000,0x000000001ac00000)]
  0x00000000181de000 JavaThread "C2 CompilerThread2" daemon [_thread_in_native, id=13792, stack(0x000000001aa00000,0x000000001ab00000)]
  0x00000000181dc800 JavaThread "C2 CompilerThread1" daemon [_thread_in_native, id=14796, stack(0x000000001a900000,0x000000001aa00000)]
=>0x000000001a032000 JavaThread "C2 CompilerThread0" daemon [_thread_in_native, id=8144, stack(0x000000001a800000,0x000000001a900000)]
  0x0000000019fdf000 JavaThread "Attach Listener" daemon [_thread_blocked, id=13784, stack(0x000000001a700000,0x000000001a800000)]
  0x0000000019fdd800 JavaThread "Signal Dispatcher" daemon [_thread_blocked, id=13788, stack(0x000000001a600000,0x000000001a700000)]
  0x0000000019fc0800 JavaThread "Finalizer" daemon [_thread_blocked, id=14656, stack(0x000000001a4a0000,0x000000001a5a0000)]
  0x00000000181cb800 JavaThread "Reference Handler" daemon [_thread_blocked, id=8256, stack(0x000000001a3a0000,0x000000001a4a0000)]
  0x000000000305e000 JavaThread "main" [_thread_blocked, id=13808, stack(0x0000000002f00000,0x0000000003000000)]

Other Threads:
  0x00000000181c7000 VMThread [stack: 0x0000000019ea0000,0x0000000019fa0000] [id=13776]
  0x000000001a097800 WatcherThread [stack: 0x000000001ad00000,0x000000001ae00000] [id=13780]

VM state:not at safepoint (normal execution)

VM Mutex/Monitor currently owned by a thread: None

heap address: 0x0000000080000000, size: 2048 MB, Compressed Oops mode: 32-bit
Narrow klass base: 0x0000000000000000, Narrow klass shift: 3
Compressed class space size: 1073741824 Address: 0x0000000100000000

Heap:
 PSYoungGen      total 398336K, used 108216K [0x00000000d5580000, 0x00000000f3180000, 0x0000000100000000)
  eden space 360448K, 27% used [0x00000000d5580000,0x00000000db502f88,0x00000000eb580000)
  from space 37888K, 27% used [0x00000000eb580000,0x00000000ebfab418,0x00000000eda80000)
  to   space 36864K, 0% used [0x00000000f0d80000,0x00000000f0d80000,0x00000000f3180000)
 ParOldGen       total 222720K, used 83938K [0x0000000080000000, 0x000000008d980000, 0x00000000d5580000)
  object space 222720K, 37% used [0x0000000080000000,0x00000000851f8b78,0x000000008d980000)
 Metaspace       used 80779K, capacity 85558K, committed 85800K, reserved 1124352K
  class space    used 10652K, capacity 11504K, committed 11560K, reserved 1048576K

Card table byte_map: [0x0000000012520000,0x0000000012930000] byte_map_base: 0x0000000012120000

Marking Bits: (ParMarkBitMap*) 0x0000000067a1f030
 Begin Bits: [0x00000000133e0000, 0x00000000153e0000)
 End Bits:   [0x00000000153e0000, 0x00000000173e0000)

Polling page: 0x0000000001490000

CodeCache: size=245760Kb used=36200Kb max_used=36211Kb free=209559Kb
 bounds [0x0000000003160000, 0x00000000054f0000, 0x0000000012160000]
 total_blobs=12189 nmethods=11248 adapters=853
 compilation: enabled

Compilation events (10 events):
Event: 118.827 Thread 0x000000001a057000 nmethod 13494 0x00000000054dbd50 code [0x00000000054dbf60, 0x00000000054dca38]
Event: 118.828 Thread 0x000000001a057000 13495       3       org.gradle.api.internal.tasks.properties.DefaultTaskProperties$$Lambda$630/741649457::test (10 bytes)
Event: 118.828 Thread 0x000000001a057000 nmethod 13495 0x00000000054dd250 code [0x00000000054dd3c0, 0x00000000054dd690]
Event: 118.830 Thread 0x000000001a057000 13496       1       org.gradle.api.internal.artifacts.ivyservice.resolveengine.artifact.DefaultVisitedArtifactResults$DefaultSelectedArtifactResults::getArtifacts (5 bytes)
Event: 118.830 Thread 0x000000001a057000 nmethod 13496 0x00000000054dd790 code [0x00000000054dd8e0, 0x00000000054dd9f0]
Event: 118.831 Thread 0x00000000181de000 13497       4       org.gradle.api.internal.attributes.DefaultImmutableAttributesFactory::concat (46 bytes)
Event: 118.834 Thread 0x000000001a057000 13500       1       org.gradle.api.internal.artifacts.type.DefaultArtifactTypeContainer$DefaultArtifactTypeDefinition::getAttributes (5 bytes)
Event: 118.834 Thread 0x000000001a057000 nmethod 13500 0x00000000054dda50 code [0x00000000054ddba0, 0x00000000054ddcb0]
Event: 118.838 Thread 0x000000001a057000 13501       1       org.gradle.api.internal.provider.AbstractMinimalProvider::publicType (3 bytes)
Event: 118.838 Thread 0x000000001a057000 nmethod 13501 0x00000000054ddd10 code [0x00000000054dde60, 0x00000000054ddf70]

GC Heap History (10 events):
Event: 4.841 GC heap before
{Heap before GC invocations=10 (full 2):
 PSYoungGen      total 227840K, used 143172K [0x00000000d5580000, 0x00000000ea780000, 0x0000000100000000)
  eden space 212992K, 60% used [0x00000000d5580000,0x00000000dd2d5e10,0x00000000e2580000)
  from space 14848K, 99% used [0x00000000e2580000,0x00000000e33fb2f8,0x00000000e3400000)
  to   space 16896K, 0% used [0x00000000e9700000,0x00000000e9700000,0x00000000ea780000)
 ParOldGen       total 150528K, used 15258K [0x0000000080000000, 0x0000000089300000, 0x00000000d5580000)
  object space 150528K, 10% used [0x0000000080000000,0x0000000080ee6ac8,0x0000000089300000)
 Metaspace       used 56217K, capacity 59036K, committed 59160K, reserved 1099776K
  class space    used 7689K, capacity 8251K, committed 8360K, reserved 1048576K
Event: 4.852 GC heap after
Heap after GC invocations=10 (full 2):
 PSYoungGen      total 323072K, used 16890K [0x00000000d5580000, 0x00000000ea980000, 0x0000000100000000)
  eden space 306176K, 0% used [0x00000000d5580000,0x00000000d5580000,0x00000000e8080000)
  from space 16896K, 99% used [0x00000000e9700000,0x00000000ea77e9e8,0x00000000ea780000)
  to   space 20992K, 0% used [0x00000000e8080000,0x00000000e8080000,0x00000000e9500000)
 ParOldGen       total 150528K, used 19840K [0x0000000080000000, 0x0000000089300000, 0x00000000d5580000)
  object space 150528K, 13% used [0x0000000080000000,0x0000000081360208,0x0000000089300000)
 Metaspace       used 56217K, capacity 59036K, committed 59160K, reserved 1099776K
  class space    used 7689K, capacity 8251K, committed 8360K, reserved 1048576K
}
Event: 4.852 GC heap before
{Heap before GC invocations=11 (full 3):
 PSYoungGen      total 323072K, used 16890K [0x00000000d5580000, 0x00000000ea980000, 0x0000000100000000)
  eden space 306176K, 0% used [0x00000000d5580000,0x00000000d5580000,0x00000000e8080000)
  from space 16896K, 99% used [0x00000000e9700000,0x00000000ea77e9e8,0x00000000ea780000)
  to   space 20992K, 0% used [0x00000000e8080000,0x00000000e8080000,0x00000000e9500000)
 ParOldGen       total 150528K, used 19840K [0x0000000080000000, 0x0000000089300000, 0x00000000d5580000)
  object space 150528K, 13% used [0x0000000080000000,0x0000000081360208,0x0000000089300000)
 Metaspace       used 56217K, capacity 59036K, committed 59160K, reserved 1099776K
  class space    used 7689K, capacity 8251K, committed 8360K, reserved 1048576K
Event: 4.967 GC heap after
Heap after GC invocations=11 (full 3):
 PSYoungGen      total 323072K, used 0K [0x00000000d5580000, 0x00000000ea980000, 0x0000000100000000)
  eden space 306176K, 0% used [0x00000000d5580000,0x00000000d5580000,0x00000000e8080000)
  from space 16896K, 0% used [0x00000000e9700000,0x00000000e9700000,0x00000000ea780000)
  to   space 20992K, 0% used [0x00000000e8080000,0x00000000e8080000,0x00000000e9500000)
 ParOldGen       total 222720K, used 34367K [0x0000000080000000, 0x000000008d980000, 0x00000000d5580000)
  object space 222720K, 15% used [0x0000000080000000,0x000000008218fed0,0x000000008d980000)
 Metaspace       used 56169K, capacity 58874K, committed 59160K, reserved 1099776K
  class space    used 7675K, capacity 8224K, committed 8360K, reserved 1048576K
}
Event: 6.951 GC heap before
{Heap before GC invocations=12 (full 3):
 PSYoungGen      total 323072K, used 305199K [0x00000000d5580000, 0x00000000ea980000, 0x0000000100000000)
  eden space 306176K, 99% used [0x00000000d5580000,0x00000000e7f8bf10,0x00000000e8080000)
  from space 16896K, 0% used [0x00000000e9700000,0x00000000e9700000,0x00000000ea780000)
  to   space 20992K, 0% used [0x00000000e8080000,0x00000000e8080000,0x00000000e9500000)
 ParOldGen       total 222720K, used 34367K [0x0000000080000000, 0x000000008d980000, 0x00000000d5580000)
  object space 222720K, 15% used [0x0000000080000000,0x000000008218fed0,0x000000008d980000)
 Metaspace       used 67325K, capacity 71230K, committed 71464K, reserved 1110016K
  class space    used 9170K, capacity 9924K, committed 10024K, reserved 1048576K
Event: 6.976 GC heap after
Heap after GC invocations=12 (full 3):
 PSYoungGen      total 327168K, used 20983K [0x00000000d5580000, 0x00000000ef780000, 0x0000000100000000)
  eden space 306176K, 0% used [0x00000000d5580000,0x00000000d5580000,0x00000000e8080000)
  from space 20992K, 99% used [0x00000000e8080000,0x00000000e94fdf78,0x00000000e9500000)
  to   space 29696K, 0% used [0x00000000eda80000,0x00000000eda80000,0x00000000ef780000)
 ParOldGen       total 222720K, used 49096K [0x0000000080000000, 0x000000008d980000, 0x00000000d5580000)
  object space 222720K, 22% used [0x0000000080000000,0x0000000082ff22b8,0x000000008d980000)
 Metaspace       used 67325K, capacity 71230K, committed 71464K, reserved 1110016K
  class space    used 9170K, capacity 9924K, committed 10024K, reserved 1048576K
}
Event: 10.390 GC heap before
{Heap before GC invocations=13 (full 3):
 PSYoungGen      total 327168K, used 327159K [0x00000000d5580000, 0x00000000ef780000, 0x0000000100000000)
  eden space 306176K, 100% used [0x00000000d5580000,0x00000000e8080000,0x00000000e8080000)
  from space 20992K, 99% used [0x00000000e8080000,0x00000000e94fdf78,0x00000000e9500000)
  to   space 29696K, 0% used [0x00000000eda80000,0x00000000eda80000,0x00000000ef780000)
 ParOldGen       total 222720K, used 49096K [0x0000000080000000, 0x000000008d980000, 0x00000000d5580000)
  object space 222720K, 22% used [0x0000000080000000,0x0000000082ff22b8,0x000000008d980000)
 Metaspace       used 74745K, capacity 79158K, committed 79272K, reserved 1118208K
  class space    used 10123K, capacity 10920K, committed 10920K, reserved 1048576K
Event: 10.411 GC heap after
Heap after GC invocations=13 (full 3):
 PSYoungGen      total 390144K, used 29695K [0x00000000d5580000, 0x00000000f0080000, 0x0000000100000000)
  eden space 360448K, 0% used [0x00000000d5580000,0x00000000d5580000,0x00000000eb580000)
  from space 29696K, 99% used [0x00000000eda80000,0x00000000ef77fcc8,0x00000000ef780000)
  to   space 37888K, 0% used [0x00000000eb580000,0x00000000eb580000,0x00000000eda80000)
 ParOldGen       total 222720K, used 60064K [0x0000000080000000, 0x000000008d980000, 0x00000000d5580000)
  object space 222720K, 26% used [0x0000000080000000,0x0000000083aa8080,0x000000008d980000)
 Metaspace       used 74745K, capacity 79158K, committed 79272K, reserved 1118208K
  class space    used 10123K, capacity 10920K, committed 10920K, reserved 1048576K
}
Event: 118.392 GC heap before
{Heap before GC invocations=14 (full 3):
 PSYoungGen      total 390144K, used 390143K [0x00000000d5580000, 0x00000000f0080000, 0x0000000100000000)
  eden space 360448K, 100% used [0x00000000d5580000,0x00000000eb580000,0x00000000eb580000)
  from space 29696K, 99% used [0x00000000eda80000,0x00000000ef77fcc8,0x00000000ef780000)
  to   space 37888K, 0% used [0x00000000eb580000,0x00000000eb580000,0x00000000eda80000)
 ParOldGen       total 222720K, used 60064K [0x0000000080000000, 0x000000008d980000, 0x00000000d5580000)
  object space 222720K, 26% used [0x0000000080000000,0x0000000083aa8080,0x000000008d980000)
 Metaspace       used 80713K, capacity 85442K, committed 85800K, reserved 1124352K
  class space    used 10648K, capacity 11496K, committed 11560K, reserved 1048576K
Event: 118.414 GC heap after
Heap after GC invocations=14 (full 3):
 PSYoungGen      total 398336K, used 10413K [0x00000000d5580000, 0x00000000f3180000, 0x0000000100000000)
  eden space 360448K, 0% used [0x00000000d5580000,0x00000000d5580000,0x00000000eb580000)
  from space 37888K, 27% used [0x00000000eb580000,0x00000000ebfab418,0x00000000eda80000)
  to   space 36864K, 0% used [0x00000000f0d80000,0x00000000f0d80000,0x00000000f3180000)
 ParOldGen       total 222720K, used 83938K [0x0000000080000000, 0x000000008d980000, 0x00000000d5580000)
  object space 222720K, 37% used [0x0000000080000000,0x00000000851f8b78,0x000000008d980000)
 Metaspace       used 80713K, capacity 85442K, committed 85800K, reserved 1124352K
  class space    used 10648K, capacity 11496K, committed 11560K, reserved 1048576K
}

Deoptimization events (10 events):
Event: 84.565 Thread 0x000000001f484800 Uncommon trap: reason=unstable_if action=reinterpret pc=0x0000000003bb12b0 method=java.util.HashMap.removeNode(ILjava/lang/Object;Ljava/lang/Object;ZZ)Ljava/util/HashMap$Node; @ 71
Event: 84.629 Thread 0x000000001f483000 Uncommon trap: reason=unstable_if action=reinterpret pc=0x00000000044a2e00 method=com.esotericsoftware.kryo.io.Input.require(I)I @ 180
Event: 116.415 Thread 0x000000001bd2d800 Uncommon trap: reason=class_check action=maybe_recompile pc=0x0000000003d1b198 method=java.lang.reflect.Array.newInstance(Ljava/lang/Class;I)Ljava/lang/Object; @ 2
Event: 116.455 Thread 0x000000001f484800 Uncommon trap: reason=class_check action=maybe_recompile pc=0x0000000004d93504 method=org.gradle.cache.internal.LockOnDemandCrossProcessCacheAccess.incrementLockCount()V @ 97
Event: 116.511 Thread 0x000000001f484800 Uncommon trap: reason=predicate action=maybe_recompile pc=0x000000000513967c method=com.google.common.collect.RegularImmutableMap.fromEntryArray(I[Ljava/util/Map$Entry;)Lcom/google/common/collect/ImmutableMap; @ 62
Event: 116.850 Thread 0x000000001bd34000 Uncommon trap: reason=unstable_if action=reinterpret pc=0x0000000005092ddc method=org.gradle.internal.snapshot.VfsRelativePath.lengthOfCommonPrefix(Ljava/lang/String;Lorg/gradle/internal/snapshot/CaseSensitivity;)I @ 165
Event: 116.863 Thread 0x000000001bd36800 Uncommon trap: reason=unstable_if action=reinterpret pc=0x0000000004daec98 method=java.util.concurrent.locks.AbstractQueuedSynchronizer.hasQueuedPredecessors()Z @ 21
Event: 117.116 Thread 0x000000001f484000 Uncommon trap: reason=array_check action=maybe_recompile pc=0x0000000003aa63f4 method=java.util.TimSort.binarySort([Ljava/lang/Object;IIILjava/util/Comparator;)V @ 193
Event: 117.177 Thread 0x000000001f481800 Uncommon trap: reason=array_check action=maybe_recompile pc=0x0000000003aa63f4 method=java.util.TimSort.binarySort([Ljava/lang/Object;IIILjava/util/Comparator;)V @ 193
Event: 118.542 Thread 0x000000001f481800 Uncommon trap: reason=class_check action=maybe_recompile pc=0x0000000004d87bc4 method=java.io.Writer.append(Ljava/lang/CharSequence;)Ljava/io/Writer; @ 20

Classes redefined (0 events):
No events

Internal exceptions (10 events):
Event: 116.863 Thread 0x000000001bd36800 Implicit null exception at 0x0000000004dadf47 to 0x0000000004daec75
Event: 118.487 Thread 0x000000001f481800 Exception <a 'sun/nio/fs/WindowsException'> (0x00000000d70504b8) thrown at [C:\src\AOSP-openjdk-git\hotspot\src\share\vm\prims\jni.cpp, line 710]
Event: 118.487 Thread 0x000000001f481800 Exception <a 'sun/nio/fs/WindowsException'> (0x00000000d7050ce8) thrown at [C:\src\AOSP-openjdk-git\hotspot\src\share\vm\prims\jni.cpp, line 710]
Event: 118.487 Thread 0x000000001f481800 Exception <a 'sun/nio/fs/WindowsException'> (0x00000000d7051190) thrown at [C:\src\AOSP-openjdk-git\hotspot\src\share\vm\prims\jni.cpp, line 710]
Event: 118.657 Thread 0x000000001f484000 Exception <a 'sun/nio/fs/WindowsException'> (0x00000000d94dac80) thrown at [C:\src\AOSP-openjdk-git\hotspot\src\share\vm\prims\jni.cpp, line 710]
Event: 118.657 Thread 0x000000001f484000 Exception <a 'sun/nio/fs/WindowsException'> (0x00000000d94dc108) thrown at [C:\src\AOSP-openjdk-git\hotspot\src\share\vm\prims\jni.cpp, line 710]
Event: 118.658 Thread 0x000000001f484000 Exception <a 'sun/nio/fs/WindowsException'> (0x00000000d94e0bc0) thrown at [C:\src\AOSP-openjdk-git\hotspot\src\share\vm\prims\jni.cpp, line 710]
Event: 118.658 Thread 0x000000001f484000 Exception <a 'sun/nio/fs/WindowsException'> (0x00000000d94e2090) thrown at [C:\src\AOSP-openjdk-git\hotspot\src\share\vm\prims\jni.cpp, line 710]
Event: 118.658 Thread 0x000000001f484000 Exception <a 'sun/nio/fs/WindowsException'> (0x00000000d94e4a50) thrown at [C:\src\AOSP-openjdk-git\hotspot\src\share\vm\prims\jni.cpp, line 710]
Event: 118.658 Thread 0x000000001f484000 Exception <a 'sun/nio/fs/WindowsException'> (0x00000000d94e5f30) thrown at [C:\src\AOSP-openjdk-git\hotspot\src\share\vm\prims\jni.cpp, line 710]

Events (10 events):
Event: 118.499 Thread 0x000000001f481800 DEOPT UNPACKING pc=0x00000000031a75d0 sp=0x000000002e20d6e8 mode 0
Event: 118.542 Thread 0x000000001f481800 Uncommon trap: trap_request=0xffffffde fr.pc=0x0000000004d87bc4
Event: 118.542 Thread 0x000000001f481800 DEOPT PACKING pc=0x0000000004d87bc4 sp=0x000000002e20dbf0
Event: 118.542 Thread 0x000000001f481800 DEOPT UNPACKING pc=0x00000000031a557b sp=0x000000002e20dbf0 mode 2
Event: 118.567 Executing VM operation: RevokeBias
Event: 118.567 Executing VM operation: RevokeBias done
Event: 118.740 Executing VM operation: RevokeBias
Event: 118.740 Executing VM operation: RevokeBias done
Event: 118.749 loading class com/google/common/base/Equivalence$1
Event: 118.750 loading class com/google/common/base/Equivalence$1 done


Dynamic libraries:
0x00007ff7d5050000 - 0x00007ff7d5081000 	C:\Program Files\Android\Android Studio\jre\bin\java.exe
0x00007ffced3c0000 - 0x00007ffced5b0000 	C:\Windows\SYSTEM32\ntdll.dll
0x00007ffcec000000 - 0x00007ffcec0b2000 	C:\Windows\System32\KERNEL32.DLL
0x00007ffcea3d0000 - 0x00007ffcea675000 	C:\Windows\System32\KERNELBASE.dll
0x00007ffcec0c0000 - 0x00007ffcec163000 	C:\Windows\System32\ADVAPI32.dll
0x00007ffcebee0000 - 0x00007ffcebf7e000 	C:\Windows\System32\msvcrt.dll
0x00007ffceb470000 - 0x00007ffceb507000 	C:\Windows\System32\sechost.dll
0x00007ffcec420000 - 0x00007ffcec540000 	C:\Windows\System32\RPCRT4.dll
0x00007ffcec270000 - 0x00007ffcec404000 	C:\Windows\System32\USER32.dll
0x00007ffcea680000 - 0x00007ffcea6a1000 	C:\Windows\System32\win32u.dll
0x00007ffcebc00000 - 0x00007ffcebc26000 	C:\Windows\System32\GDI32.dll
0x00007ffceafb0000 - 0x00007ffceb146000 	C:\Windows\System32\gdi32full.dll
0x00007ffcea6b0000 - 0x00007ffcea74e000 	C:\Windows\System32\msvcp_win.dll
0x00007ffceb350000 - 0x00007ffceb44a000 	C:\Windows\System32\ucrtbase.dll
0x00007ffcd8cd0000 - 0x00007ffcd8f54000 	C:\Windows\WinSxS\amd64_microsoft.windows.common-controls_6595b64144ccf1df_6.0.18362.1139_none_9e7bf2d3e4605ac6\COMCTL32.dll
0x00007ffceb670000 - 0x00007ffceb9a5000 	C:\Windows\System32\combase.dll
0x00007ffcea350000 - 0x00007ffcea3d0000 	C:\Windows\System32\bcryptPrimitives.dll
0x00007ffcebb60000 - 0x00007ffcebb8e000 	C:\Windows\System32\IMM32.DLL
0x0000000068030000 - 0x0000000068102000 	C:\Program Files\Android\Android Studio\jre\jre\bin\msvcr100.dll
0x0000000067250000 - 0x0000000067a9b000 	C:\Program Files\Android\Android Studio\jre\jre\bin\server\jvm.dll
0x00007ffcec680000 - 0x00007ffcec688000 	C:\Windows\System32\PSAPI.DLL
0x00007ffcc9840000 - 0x00007ffcc9849000 	C:\Windows\SYSTEM32\WSOCK32.dll
0x00007ffcda150000 - 0x00007ffcda174000 	C:\Windows\SYSTEM32\WINMM.dll
0x00007ffcebc90000 - 0x00007ffcebcff000 	C:\Windows\System32\WS2_32.dll
0x00007ffce59d0000 - 0x00007ffce59da000 	C:\Windows\SYSTEM32\VERSION.dll
0x00007ffcdfb50000 - 0x00007ffcdfb7d000 	C:\Windows\SYSTEM32\WINMMBASE.dll
0x00007ffceaf30000 - 0x00007ffceaf7a000 	C:\Windows\System32\cfgmgr32.dll
0x00007ffcc8910000 - 0x00007ffcc891f000 	C:\Program Files\Android\Android Studio\jre\jre\bin\verify.dll
0x00007ffcc88e0000 - 0x00007ffcc8909000 	C:\Program Files\Android\Android Studio\jre\jre\bin\java.dll
0x00007ffcc88c0000 - 0x00007ffcc88d6000 	C:\Program Files\Android\Android Studio\jre\jre\bin\zip.dll
0x00007ffcec690000 - 0x00007ffcecd77000 	C:\Windows\System32\SHELL32.dll
0x00007ffcebe30000 - 0x00007ffcebed9000 	C:\Windows\System32\shcore.dll
0x00007ffcea7b0000 - 0x00007ffceaf30000 	C:\Windows\System32\windows.storage.dll
0x00007ffcea320000 - 0x00007ffcea343000 	C:\Windows\System32\profapi.dll
0x00007ffcea2b0000 - 0x00007ffcea2fa000 	C:\Windows\System32\powrprof.dll
0x00007ffcea280000 - 0x00007ffcea290000 	C:\Windows\System32\UMPDC.dll
0x00007ffcebc30000 - 0x00007ffcebc82000 	C:\Windows\System32\shlwapi.dll
0x00007ffcea300000 - 0x00007ffcea311000 	C:\Windows\System32\kernel.appcore.dll
0x00007ffceb450000 - 0x00007ffceb467000 	C:\Windows\System32\cryptsp.dll
0x00007ffcc88a0000 - 0x00007ffcc88ba000 	C:\Program Files\Android\Android Studio\jre\jre\bin\net.dll
0x00007ffce9ad0000 - 0x00007ffce9b37000 	C:\Windows\system32\mswsock.dll
0x00007ffcc8880000 - 0x00007ffcc8893000 	C:\Program Files\Android\Android Studio\jre\jre\bin\nio.dll
0x00007ffcbfd80000 - 0x00007ffcbfda6000 	C:\Users\USER\.gradle\native\fdc75f09e3144964f2cf3f50f0aa648679c211496f362492102eb8c894070792\windows-amd64\native-platform.dll
0x00007ffca6fd0000 - 0x00007ffca7161000 	C:\Users\USER\.gradle\native\12488b8bf47d2d4c9fbf2f6322a914ad602e24e48041cd04a747c6da556b65c4\windows-amd64\native-platform-file-events.dll
0x00007ffcc8870000 - 0x00007ffcc887d000 	C:\Program Files\Android\Android Studio\jre\jre\bin\management.dll
0x00007ffce9640000 - 0x00007ffce9673000 	C:\Windows\system32\rsaenh.dll
0x00007ffceaf80000 - 0x00007ffceafa6000 	C:\Windows\System32\bcrypt.dll
0x00007ffcea1a0000 - 0x00007ffcea1c5000 	C:\Windows\SYSTEM32\USERENV.dll
0x00007ffce9ca0000 - 0x00007ffce9cac000 	C:\Windows\SYSTEM32\CRYPTBASE.dll
0x00007ffce97e0000 - 0x00007ffce981a000 	C:\Windows\SYSTEM32\IPHLPAPI.DLL
0x00007ffcec410000 - 0x00007ffcec418000 	C:\Windows\System32\NSI.dll
0x00007ffce5130000 - 0x00007ffce5146000 	C:\Windows\SYSTEM32\dhcpcsvc6.DLL
0x00007ffce57b0000 - 0x00007ffce57cc000 	C:\Windows\SYSTEM32\dhcpcsvc.DLL
0x00007ffce9820000 - 0x00007ffce98eb000 	C:\Windows\SYSTEM32\DNSAPI.dll
0x00007ffce59e0000 - 0x00007ffce59eb000 	C:\Windows\SYSTEM32\WINNSI.DLL
0x00007ffcc8f20000 - 0x00007ffcc90bc000 	C:\Program Files\Android\Android Studio\jre\jre\bin\awt.dll
0x00007ffcec190000 - 0x00007ffcec255000 	C:\Windows\System32\OLEAUT32.dll
0x00007ffce8bd0000 - 0x00007ffce8bfd000 	C:\Windows\SYSTEM32\dwmapi.dll
0x00007ffce7050000 - 0x00007ffce7610000 	C:\Windows\SYSTEM32\d2d1.dll
0x00007ffce84d0000 - 0x00007ffce855f000 	C:\Windows\SYSTEM32\apphelp.dll
0x00007ffce85d0000 - 0x00007ffce8669000 	C:\Windows\system32\uxtheme.dll
0x00007ffce4290000 - 0x00007ffce4484000 	C:\Windows\SYSTEM32\dbghelp.dll

VM Arguments:
jvm_args: -Xmx2048m -Dfile.encoding=x-windows-950 -Duser.country=TW -Duser.language=zh -Duser.variant 
java_command: org.gradle.launcher.daemon.bootstrap.GradleDaemon 6.7-rc-3
java_class_path (initial): C:\Users\USER\.gradle\wrapper\dists\gradle-6.7-rc-3-all\9tic6iyfpm7z2ldv71sxh0bp7\gradle-6.7-rc-3\lib\gradle-launcher-6.7.jar
Launcher Type: SUN_STANDARD

Environment Variables:
PATH=C:\Program Files\NVIDIA GPU Computing Toolkit\CUDA\v10.0\bin;C:\Program Files\NVIDIA GPU Computing Toolkit\CUDA\v10.0\libnvvp;;;C:\Program Files (x86)\Common Files\Oracle\Java\javapath;C:\Windows\system32;C:\Windows;C:\Windows\System32\Wbem;C:\Windows\System32\WindowsPowerShell\v1.0\;C:\Windows\System32\OpenSSH\;C:\Program Files\NVIDIA Corporation\NVIDIA NGX;C:\Program Files (x86)\NVIDIA Corporation\PhysX\Common;C:\Program Files\NVIDIA Corporation\NVIDIA NvDLISR;C:\Program Files\Git\cmd;C:\Program Files (x86)\Brackets\command;C:\Program Files\dotnet\;C:\Users\USER\AppData\Local\Programs\Python\Python37\Scripts\;C:\Users\USER\AppData\Local\Programs\Python\Python37\;C:\Users\USER\Anaconda3;C:\Users\USER\Anaconda3\Library\mingw-w64\bin;C:\Users\USER\Anaconda3\Library\usr\bin;C:\Users\USER\Anaconda3\Library\bin;C:\Users\USER\Anaconda3\Scripts;C:\Users\USER\AppData\Local\Microsoft\WindowsApps;C:\Program Files\NVIDIA GPU Computing Toolkit\CUDA\v9.0\bin;C:\Program Files\NVIDIA GPU Computing Toolkit\CUDA\v9.0\lib\x64;C:\Program Files (x86)\Microsoft Visual Studio\2019\Community\VC\Tools\MSVC\14.15.26726\bin;;C:\Users\USER\AppData\Local\Programs\Microsoft VS Code\bin;C:\Users\USER\.dotnet\tools;C:\Users\USER\AppData\Local\Programs\Fiddler
USERNAME=USER
OS=Windows_NT
PROCESSOR_IDENTIFIER=Intel64 Family 6 Model 158 Stepping 13, GenuineIntel



---------------  S Y S T E M  ---------------

OS: Windows 10.0 , 64 bit Build 18362 (10.0.18362.1110)

CPU:total 8 (initial active 8) (8 cores per cpu, 1 threads per core) family 6 model 158 stepping 13, cmov, cx8, fxsr, mmx, sse, sse2, sse3, ssse3, sse4.1, sse4.2, popcnt, avx, avx2, aes, clmul, erms, rtm, 3dnowpref, lzcnt, tsc, tscinvbit, bmi1, bmi2, adx

Memory: 4k page, physical 16648224k(7315048k free), swap 38668320k(25603016k free)

vm_info: OpenJDK 64-Bit Server VM (25.242-b01) for windows-amd64 JRE (1.8.0_242-release-1644-b01), built by "builder" with MS VC++ 10.0 (VS2010)

time: Sat Oct 24 20:55:16 2020
timezone: 台北標準時間
elapsed time: 118 seconds (0d 0h 1m 58s)

